17:23:34,615  INFO Monitor:70 -         OS-Name: macosx OS-Arch: x86_64
17:23:34,615  INFO Monitor:71 - ------------------------------------------------

17:23:34,786  INFO Monitor:34 - Monitor Started
17:23:34,823  INFO StdSchedulerFactory:1184 - Using default implementation for ThreadExecutor
17:23:34,845  INFO SchedulerSignalerImpl:61 - Initialized Scheduler Signaller of type: class org.quartz.core.SchedulerSignalerImpl
17:23:34,846  INFO QuartzScheduler:240 - Quartz Scheduler v.2.2.1 created.
17:23:34,847  INFO RAMJobStore:155 - RAMJobStore initialized.
17:23:34,848  INFO QuartzScheduler:305 - Scheduler meta-data: Quartz Scheduler (v2.2.1) 'MyScheduler' with instanceId 'NON_CLUSTERED'
  Scheduler class: 'org.quartz.core.QuartzScheduler' - running locally.
  NOT STARTED.
  Currently in standby mode.
  Number of jobs executed: 0
  Using thread pool 'org.quartz.simpl.SimpleThreadPool' - with 10 threads.
  Using job-store 'org.quartz.simpl.RAMJobStore' - which does not support persistence. and is not clustered.

17:23:34,849  INFO StdSchedulerFactory:1339 - Quartz scheduler 'MyScheduler' initialized from default resource file in Quartz package: 'quartz.properties'
17:23:34,849  INFO StdSchedulerFactory:1343 - Quartz scheduler version: 2.2.1
17:23:34,858  INFO QuartzScheduler:575 - Scheduler MyScheduler_$_NON_CLUSTERED started.
17:23:34,859  INFO Engine:55 - Engine started
17:23:34,870 DEBUG QuartzSchedulerThread:276 - batch acquisition of 1 triggers
17:23:34,873 DEBUG PropertySettingJobFactory:51 - Producing instance of Job 'pingGroup.pingJob', class=com.securelink.mon4j.jobs.PingJob
17:23:34,894 DEBUG QuartzSchedulerThread:276 - batch acquisition of 0 triggers
17:23:34,894  INFO AlertListener:29 - pingJob
17:23:34,896 DEBUG JobRunShell:201 - Calling execute on job pingGroup.pingJob
17:23:35,847 DEBUG UpdateChecker:54 - Checking for available updated version of Quartz...
17:24:04,695 DEBUG QuartzSchedulerThread:276 - batch acquisition of 0 triggers
17:24:30,400 DEBUG QuartzSchedulerThread:276 - batch acquisition of 0 triggers
